ACSF1 {'acc': 0.9, 'auprc': 0.9263312641464815}
Adiac {'acc': 0.7544757033248082, 'auprc': 0.7461275268823675}
AllGestureWiimoteX {'acc': 0.77, 'auprc': 0.7865601595545467}
AllGestureWiimoteY {'acc': 0.8, 'auprc': 0.8189455646146129}
AllGestureWiimoteZ {'acc': 0.7571428571428571, 'auprc': 0.7602857377935283}
ArrowHead {'acc': 0.7942857142857143, 'auprc': 0.8614143867295954}
BME {'acc': 0.9866666666666667, 'auprc': 0.9991549953314659}
Beef {'acc': 0.8, 'auprc': 0.8629206349206349}
BeetleFly {'acc': 0.65, 'auprc': 0.9833333333333333}
BirdChicken {'acc': 0.8, 'auprc': 0.9651515151515152}
CBF {'acc': 1.0, 'auprc': 1.0}
Car {'acc': 0.7, 'auprc': 0.828426125042456}
Chinatown {'acc': 0.9766763848396501, 'auprc': 0.9969483295350225}
ChlorineConcentration {'acc': 0.8348958333333333, 'auprc': 0.8135471860048454}
CinCECGTorso {'acc': 0.7717391304347826, 'auprc': 0.872292971345299}
Coffee {'acc': 1.0, 'auprc': 0.9999999999999998}
Computers {'acc': 0.644, 'auprc': 0.7324674475998356}
CricketX {'acc': 0.8076923076923077, 'auprc': 0.8301123513205179}
CricketY {'acc': 0.7743589743589744, 'auprc': 0.7930066396090422}
CricketZ {'acc': 0.7871794871794872, 'auprc': 0.8189518189406343}
Crop {'acc': 0.7510714285714286, 'auprc': 0.7388797004963966}
DiatomSizeReduction {'acc': 0.9836601307189542, 'auprc': 0.9839686607289483}
DistalPhalanxOutlineAgeGroup {'acc': 0.7266187050359713, 'auprc': 0.7412637966726155}
DistalPhalanxOutlineCorrect {'acc': 0.7644927536231884, 'auprc': 0.864247842510566}
DistalPhalanxTW {'acc': 0.697841726618705, 'auprc': 0.5338968685318721}
DodgerLoopDay {'acc': 0.525, 'auprc': 0.58229786651174}
DodgerLoopGame {'acc': 0.855072463768116, 'auprc': 0.9331289169247413}
DodgerLoopWeekend {'acc': 0.9565217391304348, 'auprc': 0.9622655046759544}
ECG200 {'acc': 0.94, 'auprc': 0.9825559355919538}
ECG5000 {'acc': 0.9337777777777778, 'auprc': 0.5478583564976204}
ECGFiveDays {'acc': 1.0, 'auprc': 1.0}
EOGHorizontalSignal {'acc': 0.5331491712707183, 'auprc': 0.600357564411748}
EOGVerticalSignal {'acc': 0.505524861878453, 'auprc': 0.4725909576761949}
Earthquakes {'acc': 0.7482014388489209, 'auprc': 0.2052766422109279}
ElectricDevices {'acc': 0.7178057320710673, 'auprc': 0.6604435297532144}
EthanolLevel {'acc': 0.42, 'auprc': 0.42859728995183055}
FaceAll {'acc': 0.8165680473372781, 'auprc': 0.9394622552900949}
FaceFour {'acc': 0.875, 'auprc': 0.912644457868257}
FacesUCR {'acc': 0.9336585365853659, 'auprc': 0.9358585418475238}
FiftyWords {'acc': 0.756043956043956, 'auprc': 0.7138976206805423}
Fish {'acc': 0.92, 'auprc': 0.947743624588812}
FordA {'acc': 0.9356060606060606, 'auprc': 0.9811206792258327}
FordB {'acc': 0.7987654320987654, 'auprc': 0.8897078439681645}
FreezerRegularTrain {'acc': 0.9887719298245614, 'auprc': 0.9976624349068011}
FreezerSmallTrain {'acc': 0.856140350877193, 'auprc': 0.9046264850915189}
Fungi {'acc': 0.9354838709677419, 'auprc': 0.9720905388703057}
GestureMidAirD1 {'acc': 0.5846153846153846, 'auprc': 0.6803640876036506}
GestureMidAirD2 {'acc': 0.5846153846153846, 'auprc': 0.6310123222256477}
GestureMidAirD3 {'acc': 0.3, 'auprc': 0.3672777503421774}
GesturePebbleZ1 {'acc': 0.8837209302325582, 'auprc': 0.9344962331917239}
GesturePebbleZ2 {'acc': 0.8924050632911392, 'auprc': 0.9522304596564881}
GunPoint {'acc': 0.9733333333333334, 'auprc': 0.9985992373507544}
GunPointAgeSpan {'acc': 0.990506329113924, 'auprc': 0.9993700904105527}
GunPointMaleVersusFemale {'acc': 1.0, 'auprc': 1.0}
GunPointOldVersusYoung {'acc': 1.0, 'auprc': 1.0}
Ham {'acc': 0.6666666666666666, 'auprc': 0.8072117037870467}
HandOutlines {'acc': 0.9135135135135135, 'auprc': 0.9476417494750469}
Haptics {'acc': 0.512987012987013, 'auprc': 0.5346192419694112}
Herring {'acc': 0.609375, 'auprc': 0.5477618749279923}
HouseTwenty {'acc': 0.957983193277311, 'auprc': 0.9878496485386608}
InlineSkate {'acc': 0.37454545454545457, 'auprc': 0.40207072636145186}
InsectEPGRegularTrain {'acc': 1.0, 'auprc': 1.0}
InsectEPGSmallTrain {'acc': 1.0, 'auprc': 1.0}
InsectWingbeatSound {'acc': 0.6050505050505051, 'auprc': 0.6220378216901349}
ItalyPowerDemand {'acc': 0.9572400388726919, 'auprc': 0.976324155201739}
LargeKitchenAppliances {'acc': 0.872, 'auprc': 0.928321713060098}
Lightning2 {'acc': 0.8360655737704918, 'auprc': 0.9422254214134417}
Lightning7 {'acc': 0.8082191780821918, 'auprc': 0.9098346953550459}
Mallat {'acc': 0.9304904051172708, 'auprc': 0.9745097740477644}
Meat {'acc': 0.95, 'auprc': 1.0000000000000002}
MedicalImages {'acc': 0.7763157894736842, 'auprc': 0.7687933012556105}
MelbournePedestrian {'acc': 0.959409594095941, 'auprc': 0.9688391328774172}
MiddlePhalanxOutlineAgeGroup {'acc': 0.6428571428571429, 'auprc': 0.5167412521108182}
MiddlePhalanxOutlineCorrect {'acc': 0.8178694158075601, 'auprc': 0.8816943284543636}
MiddlePhalanxTW {'acc': 0.5714285714285714, 'auprc': 0.41473440659348254}
MixedShapesRegularTrain {'acc': 0.9134020618556701, 'auprc': 0.9464984599247085}
MixedShapesSmallTrain {'acc': 0.8511340206185567, 'auprc': 0.9038585182282908}
MoteStrain {'acc': 0.8714057507987221, 'auprc': 0.9395971857356938}
NonInvasiveFetalECGThorax1 {'acc': 0.9292620865139949, 'auprc': 0.9338120687313773}
NonInvasiveFetalECGThorax2 {'acc': 0.9404580152671755, 'auprc': 0.9387794312938579}
OSULeaf {'acc': 0.8429752066115702, 'auprc': 0.8774993570783104}
OliveOil {'acc': 0.8666666666666667, 'auprc': 0.8087562129228796}
PLAID {'acc': 0.5418994413407822, 'auprc': 0.527289395105043}
PhalangesOutlinesCorrect {'acc': 0.7983682983682984, 'auprc': 0.8557806007020816}
Phoneme {'acc': 0.3037974683544304, 'auprc': 0.15426786918720273}
PickupGestureWiimoteZ {'acc': 0.84, 'auprc': 0.9069009177097413}
PigAirwayPressure {'acc': 0.7355769230769231, 'auprc': 0.7889041939395447}
PigArtPressure {'acc': 0.9615384615384616, 'auprc': 0.9777930402930403}
PigCVP {'acc': 0.8413461538461539, 'auprc': 0.8877308677831413}
Plane {'acc': 0.9904761904761905, 'auprc': 0.9976837610044018}
PowerCons {'acc': 0.9555555555555556, 'auprc': 0.9927276565236036}
ProximalPhalanxOutlineAgeGroup {'acc': 0.8536585365853658, 'auprc': 0.7395290449472949}
ProximalPhalanxOutlineCorrect {'acc': 0.852233676975945, 'auprc': 0.9587146197387472}
ProximalPhalanxTW {'acc': 0.8097560975609757, 'auprc': 0.5735076271818017}
RefrigerationDevices {'acc': 0.608, 'auprc': 0.6489106323081513}
Rock {'acc': 0.74, 'auprc': 0.7683593893064058}
ScreenType {'acc': 0.4266666666666667, 'auprc': 0.43288955442814164}
SemgHandGenderCh2 {'acc': 0.9316666666666666, 'auprc': 0.9644099253105277}
SemgHandMovementCh2 {'acc': 0.8844444444444445, 'auprc': 0.9231015648945364}
SemgHandSubjectCh2 {'acc': 0.9488888888888889, 'auprc': 0.9660807686344415}
ShakeGestureWiimoteZ {'acc': 0.92, 'auprc': 0.9422020202020203}
ShapeletSim {'acc': 1.0, 'auprc': 0.9999999999999999}
ShapesAll {'acc': 0.8833333333333333, 'auprc': 0.9041632928333104}
SmallKitchenAppliances {'acc': 0.7413333333333333, 'auprc': 0.8176191323054249}
SmoothSubspace {'acc': 0.96, 'auprc': 0.9946921945192525}
SonyAIBORobotSurface1 {'acc': 0.9051580698835274, 'auprc': 0.9946943333409344}
SonyAIBORobotSurface2 {'acc': 0.9139559286463799, 'auprc': 0.982795916386834}
StarLightCurves {'acc': 0.9707382224380767, 'auprc': 0.9772184474328963}
Strawberry {'acc': 0.9756756756756757, 'auprc': 0.9975262399970373}
SwedishLeaf {'acc': 0.9376, 'auprc': 0.9531103528668093}
Symbols {'acc': 0.9678391959798995, 'auprc': 0.9889317063397541}
SyntheticControl {'acc': 1.0, 'auprc': 1.0}
ToeSegmentation1 {'acc': 0.9385964912280702, 'auprc': 0.9782519664994282}
ToeSegmentation2 {'acc': 0.9076923076923077, 'auprc': 0.9189317046789227}
Trace {'acc': 1.0, 'auprc': 0.9999999999999998}
TwoLeadECG {'acc': 0.9402985074626866, 'auprc': 0.9958248619478489}
TwoPatterns {'acc': 1.0, 'auprc': 1.0}
UMD {'acc': 0.9930555555555556, 'auprc': 1.0}
UWaveGestureLibraryAll {'acc': 0.9316024567280848, 'auprc': 0.9533763220455579}
UWaveGestureLibraryX {'acc': 0.7981574539363484, 'auprc': 0.8163528114678087}
UWaveGestureLibraryY {'acc': 0.7247347850362926, 'auprc': 0.7396400838108097}
UWaveGestureLibraryZ {'acc': 0.760748185371301, 'auprc': 0.7706608658540806}
Wafer {'acc': 0.9967553536664504, 'auprc': 0.9999790562331291}
Wine {'acc': 0.8888888888888888, 'auprc': 0.9381337824816083}
WordSynonyms {'acc': 0.677115987460815, 'auprc': 0.570200017255999}
Worms {'acc': 0.7792207792207793, 'auprc': 0.8232202251233869}
WormsTwoClass {'acc': 0.8051948051948052, 'auprc': 0.8333460037539819}
Yoga {'acc': 0.8766666666666667, 'auprc': 0.9049636751081722}
